#
# There is insufficient memory for the Java Runtime Environment to continue.
# Native memory allocation (malloc) failed to allocate 598240 bytes for Chunk::new
# Possible reasons:
#   The system is out of physical RAM or swap space
#   The process is running with CompressedOops enabled, and the Java Heap may be blocking the growth of the native heap
# Possible solutions:
#   Reduce memory load on the system
#   Increase physical memory or swap space
#   Check if swap backing store is full
#   Decrease Java heap size (-Xmx/-Xms)
#   Decrease number of Java threads
#   Decrease Java thread stack sizes (-Xss)
#   Set larger code cache with -XX:ReservedCodeCacheSize=
#   JVM is running with Zero Based Compressed Oops mode in which the Java heap is
#     placed in the first 32GB address space. The Java Heap base address is the
#     maximum limit for the native heap growth. Please use -XX:HeapBaseMinAddress
#     to set the Java Heap base and to place the Java Heap above 32GB virtual address.
# This output file may be truncated or incomplete.
#
#  Out of Memory Error (arena.cpp:189), pid=5260, tid=20832
#
# JRE version: OpenJDK Runtime Environment (17.0.6) (build 17.0.6+0-b2043.56-10027231)
# Java VM: OpenJDK 64-Bit Server VM (17.0.6+0-b2043.56-10027231, mixed mode, tiered, compressed oops, compressed class ptrs, g1 gc, windows-amd64)
# No core dump will be written. Minidumps are not enabled by default on client versions of Windows
#

---------------  S U M M A R Y ------------

Command Line: org.jetbrains.kotlin.cli.jvm.K2JVMCompiler @C:\Users\rizfi\Documents\bangkit\GithubUserApp\app\build\20230927_12829418959199392604.compiler.options

Host: AMD Ryzen 5 5500U with Radeon Graphics         , 12 cores, 15G,  Windows 11 , 64 bit Build 22621 (10.0.22621.2215)
Time: Wed Sep 27 14:46:01 2023 SE Asia Standard Time elapsed time: 1.107281 seconds (0d 0h 0m 1s)

---------------  T H R E A D  ---------------

Current thread (0x00000184ffc9b0c0):  JavaThread "C2 CompilerThread0" daemon [_thread_in_native, id=20832, stack(0x0000006edde00000,0x0000006eddf00000)]


Current CompileTask:
C2:   1107 1484   !   4       jdk.internal.loader.URLClassPath$JarLoader::getResource (65 bytes)

Stack: [0x0000006edde00000,0x0000006eddf00000]
Native frames: (J=compiled Java code, j=interpreted, Vv=VM code, C=native code)
V  [jvm.dll+0x683c9a]
V  [jvm.dll+0x8427a4]
V  [jvm.dll+0x843f9e]
V  [jvm.dll+0x844603]
V  [jvm.dll+0x249b75]
V  [jvm.dll+0xabcac]
V  [jvm.dll+0xac27c]
V  [jvm.dll+0x368857]
V  [jvm.dll+0x1bd0b8]
V  [jvm.dll+0x21c359]
V  [jvm.dll+0x21b621]
V  [jvm.dll+0x1a4fdd]
V  [jvm.dll+0x22b098]
V  [jvm.dll+0x229159]
V  [jvm.dll+0x7f81ec]
V  [jvm.dll+0x7f274a]
V  [jvm.dll+0x682ad5]
C  [ucrtbase.dll+0x29363]
C  [KERNEL32.DLL+0x1257d]
C  [ntdll.dll+0x5aa68]


---------------  P R O C E S S  ---------------

Threads class SMR info:
_java_thread_list=0x000001848416d7d0, length=14, elements={
0x00000184e45f9d20, 0x00000184ffc2c440, 0x00000184ffc2cfc0, 0x00000184ffc497d0,
0x00000184ffc4c0a0, 0x00000184ffc4c960, 0x00000184ffc4d220, 0x00000184ffc9b0c0,
0x00000184ffc9ba70, 0x00000184ffc9e380, 0x00000184ffe12ed0, 0x00000184ffe28910,
0x00000184fff627e0, 0x0000018484564660
}

Java Threads: ( => current thread )
  0x00000184e45f9d20 JavaThread "main" [_thread_in_vm, id=16716, stack(0x0000006edd100000,0x0000006edd200000)]
  0x00000184ffc2c440 JavaThread "Reference Handler" daemon [_thread_blocked, id=2316, stack(0x0000006edd800000,0x0000006edd900000)]
  0x00000184ffc2cfc0 JavaThread "Finalizer" daemon [_thread_blocked, id=5268, stack(0x0000006edd900000,0x0000006edda00000)]
  0x00000184ffc497d0 JavaThread "Signal Dispatcher" daemon [_thread_blocked, id=7884, stack(0x0000006edda00000,0x0000006eddb00000)]
  0x00000184ffc4c0a0 JavaThread "Attach Listener" daemon [_thread_blocked, id=18192, stack(0x0000006eddb00000,0x0000006eddc00000)]
  0x00000184ffc4c960 JavaThread "Service Thread" daemon [_thread_blocked, id=12108, stack(0x0000006eddc00000,0x0000006eddd00000)]
  0x00000184ffc4d220 JavaThread "Monitor Deflation Thread" daemon [_thread_blocked, id=6640, stack(0x0000006eddd00000,0x0000006edde00000)]
=>0x00000184ffc9b0c0 JavaThread "C2 CompilerThread0" daemon [_thread_in_native, id=20832, stack(0x0000006edde00000,0x0000006eddf00000)]
  0x00000184ffc9ba70 JavaThread "C1 CompilerThread0" daemon [_thread_blocked, id=8428, stack(0x0000006eddf00000,0x0000006ede000000)]
  0x00000184ffc9e380 JavaThread "Sweeper thread" daemon [_thread_blocked, id=21356, stack(0x0000006ede000000,0x0000006ede100000)]
  0x00000184ffe12ed0 JavaThread "Notification Thread" daemon [_thread_blocked, id=20772, stack(0x0000006ede100000,0x0000006ede200000)]
  0x00000184ffe28910 JavaThread "Common-Cleaner" daemon [_thread_blocked, id=504, stack(0x0000006ede300000,0x0000006ede400000)]
  0x00000184fff627e0 JavaThread "C2 CompilerThread1" daemon [_thread_blocked, id=9652, stack(0x0000006ede400000,0x0000006ede500000)]
  0x0000018484564660 JavaThread "C2 CompilerThread2" daemon [_thread_blocked, id=19336, stack(0x0000006ede900000,0x0000006edea00000)]

Other Threads:
  0x00000184ffc0d0c0 VMThread "VM Thread" [stack: 0x0000006edd700000,0x0000006edd800000] [id=12592]
  0x00000184e4696590 WatcherThread [stack: 0x0000006ede200000,0x0000006ede300000] [id=6432]
  0x00000184e4665fa0 GCTaskThread "GC Thread#0" [stack: 0x0000006edd200000,0x0000006edd300000] [id=9428]
  0x00000184840364f0 GCTaskThread "GC Thread#1" [stack: 0x0000006ede500000,0x0000006ede600000] [id=19600]
  0x000001848413e340 GCTaskThread "GC Thread#2" [stack: 0x0000006ede600000,0x0000006ede700000] [id=9356]
  0x000001848413e5f0 GCTaskThread "GC Thread#3" [stack: 0x0000006ede700000,0x0000006ede800000] [id=19976]
  0x000001848407a980 GCTaskThread "GC Thread#4" [stack: 0x0000006ede800000,0x0000006ede900000] [id=4144]
  0x00000184e46763c0 ConcurrentGCThread "G1 Main Marker" [stack: 0x0000006edd300000,0x0000006edd400000] [id=7616]
  0x00000184e4676d50 ConcurrentGCThread "G1 Conc#0" [stack: 0x0000006edd400000,0x0000006edd500000] [id=16648]
  0x00000184e46bda40 ConcurrentGCThread "G1 Refine#0" [stack: 0x0000006edd500000,0x0000006edd600000] [id=17504]
  0x00000184e46be270 ConcurrentGCThread "G1 Service" [stack: 0x0000006edd600000,0x0000006edd700000] [id=8476]

Threads with active compile tasks:
C2 CompilerThread0     1119 1484   !   4       jdk.internal.loader.URLClassPath$JarLoader::getResource (65 bytes)

VM state: not at safepoint (normal execution)

VM Mutex/Monitor currently owned by a thread: None

Heap address: 0x000000070a200000, size: 3934 MB, Compressed Oops mode: Zero based, Oop shift amount: 3

CDS archive(s) not mapped
Compressed class space mapped at: 0x0000000800000000-0x0000000840000000, reserved size: 1073741824
Narrow klass base: 0x0000000800000000, Narrow klass shift: 0, Narrow klass range: 0x40000000

GC Precious Log:
 CPUs: 12 total, 12 available
 Memory: 15733M
 Large Page Support: Disabled
 NUMA Support: Disabled
 Compressed Oops: Enabled (Zero based)
 Heap Region Size: 2M
 Heap Min Capacity: 8M
 Heap Initial Capacity: 246M
 Heap Max Capacity: 3934M
 Pre-touch: Disabled
 Parallel Workers: 10
 Concurrent Workers: 3
 Concurrent Refinement Workers: 10
 Periodic GC: Disabled

Heap:
 garbage-first heap   total 251904K, used 33353K [0x000000070a200000, 0x0000000800000000)
  region size 2048K, 16 young (32768K), 2 survivors (4096K)
 Metaspace       used 19652K, committed 19776K, reserved 1073152K
  class space    used 2135K, committed 2240K, reserved 1048576K

Heap Regions: E=young(eden), S=young(survivor), O=old, HS=humongous(starts), HC=humongous(continues), CS=collection set, F=free, OA=open archive, CA=closed archive, TAMS=top-at-mark-start (previous, next)
|   0|0x000000070a200000, 0x000000070a400000, 0x000000070a400000|100%|HS|  |TAMS 0x000000070a200000, 0x000000070a200000| Complete 
|   1|0x000000070a400000, 0x000000070a600000, 0x000000070a600000|100%|HC|  |TAMS 0x000000070a400000, 0x000000070a400000| Complete 
|   2|0x000000070a600000, 0x000000070a600000, 0x000000070a800000|  0%| F|  |TAMS 0x000000070a600000, 0x000000070a600000| Untracked 
|   3|0x000000070a800000, 0x000000070a800000, 0x000000070aa00000|  0%| F|  |TAMS 0x000000070a800000, 0x000000070a800000| Untracked 
|   4|0x000000070aa00000, 0x000000070aa00000, 0x000000070ac00000|  0%| F|  |TAMS 0x000000070aa00000, 0x000000070aa00000| Untracked 
|   5|0x000000070ac00000, 0x000000070ac00000, 0x000000070ae00000|  0%| F|  |TAMS 0x000000070ac00000, 0x000000070ac00000| Untracked 
|   6|0x000000070ae00000, 0x000000070ae00000, 0x000000070b000000|  0%| F|  |TAMS 0x000000070ae00000, 0x000000070ae00000| Untracked 
|   7|0x000000070b000000, 0x000000070b000000, 0x000000070b200000|  0%| F|  |TAMS 0x000000070b000000, 0x000000070b000000| Untracked 
|   8|0x000000070b200000, 0x000000070b200000, 0x000000070b400000|  0%| F|  |TAMS 0x000000070b200000, 0x000000070b200000| Untracked 
|   9|0x000000070b400000, 0x000000070b400000, 0x000000070b600000|  0%| F|  |TAMS 0x000000070b400000, 0x000000070b400000| Untracked 
|  10|0x000000070b600000, 0x000000070b600000, 0x000000070b800000|  0%| F|  |TAMS 0x000000070b600000, 0x000000070b600000| Untracked 
|  11|0x000000070b800000, 0x000000070b800000, 0x000000070ba00000|  0%| F|  |TAMS 0x000000070b800000, 0x000000070b800000| Untracked 
|  12|0x000000070ba00000, 0x000000070ba00000, 0x000000070bc00000|  0%| F|  |TAMS 0x000000070ba00000, 0x000000070ba00000| Untracked 
|  13|0x000000070bc00000, 0x000000070bc00000, 0x000000070be00000|  0%| F|  |TAMS 0x000000070bc00000, 0x000000070bc00000| Untracked 
|  14|0x000000070be00000, 0x000000070be00000, 0x000000070c000000|  0%| F|  |TAMS 0x000000070be00000, 0x000000070be00000| Untracked 
|  15|0x000000070c000000, 0x000000070c000000, 0x000000070c200000|  0%| F|  |TAMS 0x000000070c000000, 0x000000070c000000| Untracked 
|  16|0x000000070c200000, 0x000000070c200000, 0x000000070c400000|  0%| F|  |TAMS 0x000000070c200000, 0x000000070c200000| Untracked 
|  17|0x000000070c400000, 0x000000070c400000, 0x000000070c600000|  0%| F|  |TAMS 0x000000070c400000, 0x000000070c400000| Untracked 
|  18|0x000000070c600000, 0x000000070c600000, 0x000000070c800000|  0%| F|  |TAMS 0x000000070c600000, 0x000000070c600000| Untracked 
|  19|0x000000070c800000, 0x000000070c800000, 0x000000070ca00000|  0%| F|  |TAMS 0x000000070c800000, 0x000000070c800000| Untracked 
|  20|0x000000070ca00000, 0x000000070ca00000, 0x000000070cc00000|  0%| F|  |TAMS 0x000000070ca00000, 0x000000070ca00000| Untracked 
|  21|0x000000070cc00000, 0x000000070cc00000, 0x000000070ce00000|  0%| F|  |TAMS 0x000000070cc00000, 0x000000070cc00000| Untracked 
|  22|0x000000070ce00000, 0x000000070ce00000, 0x000000070d000000|  0%| F|  |TAMS 0x000000070ce00000, 0x000000070ce00000| Untracked 
|  23|0x000000070d000000, 0x000000070d000000, 0x000000070d200000|  0%| F|  |TAMS 0x000000070d000000, 0x000000070d000000| Untracked 
|  24|0x000000070d200000, 0x000000070d200000, 0x000000070d400000|  0%| F|  |TAMS 0x000000070d200000, 0x000000070d200000| Untracked 
|  25|0x000000070d400000, 0x000000070d400000, 0x000000070d600000|  0%| F|  |TAMS 0x000000070d400000, 0x000000070d400000| Untracked 
|  26|0x000000070d600000, 0x000000070d600000, 0x000000070d800000|  0%| F|  |TAMS 0x000000070d600000, 0x000000070d600000| Untracked 
|  27|0x000000070d800000, 0x000000070d800000, 0x000000070da00000|  0%| F|  |TAMS 0x000000070d800000, 0x000000070d800000| Untracked 
|  28|0x000000070da00000, 0x000000070da00000, 0x000000070dc00000|  0%| F|  |TAMS 0x000000070da00000, 0x000000070da00000| Untracked 
|  29|0x000000070dc00000, 0x000000070dc00000, 0x000000070de00000|  0%| F|  |TAMS 0x000000070dc00000, 0x000000070dc00000| Untracked 
|  30|0x000000070de00000, 0x000000070de00000, 0x000000070e000000|  0%| F|  |TAMS 0x000000070de00000, 0x000000070de00000| Untracked 
|  31|0x000000070e000000, 0x000000070e000000, 0x000000070e200000|  0%| F|  |TAMS 0x000000070e000000, 0x000000070e000000| Untracked 
|  32|0x000000070e200000, 0x000000070e200000, 0x000000070e400000|  0%| F|  |TAMS 0x000000070e200000, 0x000000070e200000| Untracked 
|  33|0x000000070e400000, 0x000000070e400000, 0x000000070e600000|  0%| F|  |TAMS 0x000000070e400000, 0x000000070e400000| Untracked 
|  34|0x000000070e600000, 0x000000070e600000, 0x000000070e800000|  0%| F|  |TAMS 0x000000070e600000, 0x000000070e600000| Untracked 
|  35|0x000000070e800000, 0x000000070e800000, 0x000000070ea00000|  0%| F|  |TAMS 0x000000070e800000, 0x000000070e800000| Untracked 
|  36|0x000000070ea00000, 0x000000070ea00000, 0x000000070ec00000|  0%| F|  |TAMS 0x000000070ea00000, 0x000000070ea00000| Untracked 
|  37|0x000000070ec00000, 0x000000070ec00000, 0x000000070ee00000|  0%| F|  |TAMS 0x000000070ec00000, 0x000000070ec00000| Untracked 
|  38|0x000000070ee00000, 0x000000070ee00000, 0x000000070f000000|  0%| F|  |TAMS 0x000000070ee00000, 0x000000070ee00000| Untracked 
|  39|0x000000070f000000, 0x000000070f000000, 0x000000070f200000|  0%| F|  |TAMS 0x000000070f000000, 0x000000070f000000| Untracked 
|  40|0x000000070f200000, 0x000000070f200000, 0x000000070f400000|  0%| F|  |TAMS 0x000000070f200000, 0x000000070f200000| Untracked 
|  41|0x000000070f400000, 0x000000070f400000, 0x000000070f600000|  0%| F|  |TAMS 0x000000070f400000, 0x000000070f400000| Untracked 
|  42|0x000000070f600000, 0x000000070f600000, 0x000000070f800000|  0%| F|  |TAMS 0x000000070f600000, 0x000000070f600000| Untracked 
|  43|0x000000070f800000, 0x000000070f800000, 0x000000070fa00000|  0%| F|  |TAMS 0x000000070f800000, 0x000000070f800000| Untracked 
|  44|0x000000070fa00000, 0x000000070fa00000, 0x000000070fc00000|  0%| F|  |TAMS 0x000000070fa00000, 0x000000070fa00000| Untracked 
|  45|0x000000070fc00000, 0x000000070fc00000, 0x000000070fe00000|  0%| F|  |TAMS 0x000000070fc00000, 0x000000070fc00000| Untracked 
|  46|0x000000070fe00000, 0x000000070fe00000, 0x0000000710000000|  0%| F|  |TAMS 0x000000070fe00000, 0x000000070fe00000| Untracked 
|  47|0x0000000710000000, 0x0000000710000000, 0x0000000710200000|  0%| F|  |TAMS 0x0000000710000000, 0x0000000710000000| Untracked 
|  48|0x0000000710200000, 0x0000000710200000, 0x0000000710400000|  0%| F|  |TAMS 0x0000000710200000, 0x0000000710200000| Untracked 
|  49|0x0000000710400000, 0x0000000710400000, 0x0000000710600000|  0%| F|  |TAMS 0x0000000710400000, 0x0000000710400000| Untracked 
|  50|0x0000000710600000, 0x0000000710600000, 0x0000000710800000|  0%| F|  |TAMS 0x0000000710600000, 0x0000000710600000| Untracked 
|  51|0x0000000710800000, 0x0000000710800000, 0x0000000710a00000|  0%| F|  |TAMS 0x0000000710800000, 0x0000000710800000| Untracked 
|  52|0x0000000710a00000, 0x0000000710a00000, 0x0000000710c00000|  0%| F|  |TAMS 0x0000000710a00000, 0x0000000710a00000| Untracked 
|  53|0x0000000710c00000, 0x0000000710c00000, 0x0000000710e00000|  0%| F|  |TAMS 0x0000000710c00000, 0x0000000710c00000| Untracked 
|  54|0x0000000710e00000, 0x0000000710e00000, 0x0000000711000000|  0%| F|  |TAMS 0x0000000710e00000, 0x0000000710e00000| Untracked 
|  55|0x0000000711000000, 0x0000000711000000, 0x0000000711200000|  0%| F|  |TAMS 0x0000000711000000, 0x0000000711000000| Untracked 
|  56|0x0000000711200000, 0x0000000711200000, 0x0000000711400000|  0%| F|  |TAMS 0x0000000711200000, 0x0000000711200000| Untracked 
|  57|0x0000000711400000, 0x0000000711400000, 0x0000000711600000|  0%| F|  |TAMS 0x0000000711400000, 0x0000000711400000| Untracked 
|  58|0x0000000711600000, 0x0000000711600000, 0x0000000711800000|  0%| F|  |TAMS 0x0000000711600000, 0x0000000711600000| Untracked 
|  59|0x0000000711800000, 0x0000000711800000, 0x0000000711a00000|  0%| F|  |TAMS 0x0000000711800000, 0x0000000711800000| Untracked 
|  60|0x0000000711a00000, 0x0000000711a00000, 0x0000000711c00000|  0%| F|  |TAMS 0x0000000711a00000, 0x0000000711a00000| Untracked 
|  61|0x0000000711c00000, 0x0000000711c00000, 0x0000000711e00000|  0%| F|  |TAMS 0x0000000711c00000, 0x0000000711c00000| Untracked 
|  62|0x0000000711e00000, 0x0000000711e00000, 0x0000000712000000|  0%| F|  |TAMS 0x0000000711e00000, 0x0000000711e00000| Untracked 
|  63|0x0000000712000000, 0x0000000712000000, 0x0000000712200000|  0%| F|  |TAMS 0x0000000712000000, 0x0000000712000000| Untracked 
|  64|0x0000000712200000, 0x0000000712200000, 0x0000000712400000|  0%| F|  |TAMS 0x0000000712200000, 0x0000000712200000| Untracked 
|  65|0x0000000712400000, 0x0000000712400000, 0x0000000712600000|  0%| F|  |TAMS 0x0000000712400000, 0x0000000712400000| Untracked 
|  66|0x0000000712600000, 0x0000000712600000, 0x0000000712800000|  0%| F|  |TAMS 0x0000000712600000, 0x0000000712600000| Untracked 
|  67|0x0000000712800000, 0x0000000712800000, 0x0000000712a00000|  0%| F|  |TAMS 0x0000000712800000, 0x0000000712800000| Untracked 
|  68|0x0000000712a00000, 0x0000000712a00000, 0x0000000712c00000|  0%| F|  |TAMS 0x0000000712a00000, 0x0000000712a00000| Untracked 
|  69|0x0000000712c00000, 0x0000000712c00000, 0x0000000712e00000|  0%| F|  |TAMS 0x0000000712c00000, 0x0000000712c00000| Untracked 
|  70|0x0000000712e00000, 0x0000000712e00000, 0x0000000713000000|  0%| F|  |TAMS 0x0000000712e00000, 0x0000000712e00000| Untracked 
|  71|0x0000000713000000, 0x0000000713000000, 0x0000000713200000|  0%| F|  |TAMS 0x0000000713000000, 0x0000000713000000| Untracked 
|  72|0x0000000713200000, 0x0000000713200000, 0x0000000713400000|  0%| F|  |TAMS 0x0000000713200000, 0x0000000713200000| Untracked 
|  73|0x0000000713400000, 0x0000000713400000, 0x0000000713600000|  0%| F|  |TAMS 0x0000000713400000, 0x0000000713400000| Untracked 
|  74|0x0000000713600000, 0x0000000713600000, 0x0000000713800000|  0%| F|  |TAMS 0x0000000713600000, 0x0000000713600000| Untracked 
|  75|0x0000000713800000, 0x0000000713800000, 0x0000000713a00000|  0%| F|  |TAMS 0x0000000713800000, 0x0000000713800000| Untracked 
|  76|0x0000000713a00000, 0x0000000713a00000, 0x0000000713c00000|  0%| F|  |TAMS 0x0000000713a00000, 0x0000000713a00000| Untracked 
|  77|0x0000000713c00000, 0x0000000713c00000, 0x0000000713e00000|  0%| F|  |TAMS 0x0000000713c00000, 0x0000000713c00000| Untracked 
|  78|0x0000000713e00000, 0x0000000713e00000, 0x0000000714000000|  0%| F|  |TAMS 0x0000000713e00000, 0x0000000713e00000| Untracked 
|  79|0x0000000714000000, 0x0000000714000000, 0x0000000714200000|  0%| F|  |TAMS 0x0000000714000000, 0x0000000714000000| Untracked 
|  80|0x0000000714200000, 0x0000000714200000, 0x0000000714400000|  0%| F|  |TAMS 0x0000000714200000, 0x0000000714200000| Untracked 
|  81|0x0000000714400000, 0x0000000714400000, 0x0000000714600000|  0%| F|  |TAMS 0x0000000714400000, 0x0000000714400000| Untracked 
|  82|0x0000000714600000, 0x0000000714600000, 0x0000000714800000|  0%| F|  |TAMS 0x0000000714600000, 0x0000000714600000| Untracked 
|  83|0x0000000714800000, 0x0000000714800000, 0x0000000714a00000|  0%| F|  |TAMS 0x0000000714800000, 0x0000000714800000| Untracked 
|  84|0x0000000714a00000, 0x0000000714a00000, 0x0000000714c00000|  0%| F|  |TAMS 0x0000000714a00000, 0x0000000714a00000| Untracked 
|  85|0x0000000714c00000, 0x0000000714c00000, 0x0000000714e00000|  0%| F|  |TAMS 0x0000000714c00000, 0x0000000714c00000| Untracked 
|  86|0x0000000714e00000, 0x0000000714e00000, 0x0000000715000000|  0%| F|  |TAMS 0x0000000714e00000, 0x0000000714e00000| Untracked 
|  87|0x0000000715000000, 0x0000000715000000, 0x0000000715200000|  0%| F|  |TAMS 0x0000000715000000, 0x0000000715000000| Untracked 
|  88|0x0000000715200000, 0x0000000715200000, 0x0000000715400000|  0%| F|  |TAMS 0x0000000715200000, 0x0000000715200000| Untracked 
|  89|0x0000000715400000, 0x0000000715400000, 0x0000000715600000|  0%| F|  |TAMS 0x0000000715400000, 0x0000000715400000| Untracked 
|  90|0x0000000715600000, 0x0000000715600000, 0x0000000715800000|  0%| F|  |TAMS 0x0000000715600000, 0x0000000715600000| Untracked 
|  91|0x0000000715800000, 0x0000000715800000, 0x0000000715a00000|  0%| F|  |TAMS 0x0000000715800000, 0x0000000715800000| Untracked 
|  92|0x0000000715a00000, 0x0000000715a00000, 0x0000000715c00000|  0%| F|  |TAMS 0x0000000715a00000, 0x0000000715a00000| Untracked 
|  93|0x0000000715c00000, 0x0000000715c00000, 0x0000000715e00000|  0%| F|  |TAMS 0x0000000715c00000, 0x0000000715c00000| Untracked 
|  94|0x0000000715e00000, 0x0000000715e00000, 0x0000000716000000|  0%| F|  |TAMS 0x0000000715e00000, 0x0000000715e00000| Untracked 
|  95|0x0000000716000000, 0x0000000716000000, 0x0000000716200000|  0%| F|  |TAMS 0x0000000716000000, 0x0000000716000000| Untracked 
|  96|0x0000000716200000, 0x0000000716200000, 0x0000000716400000|  0%| F|  |TAMS 0x0000000716200000, 0x0000000716200000| Untracked 
|  97|0x0000000716400000, 0x0000000716400000, 0x0000000716600000|  0%| F|  |TAMS 0x0000000716400000, 0x0000000716400000| Untracked 
|  98|0x0000000716600000, 0x0000000716600000, 0x0000000716800000|  0%| F|  |TAMS 0x0000000716600000, 0x0000000716600000| Untracked 
|  99|0x0000000716800000, 0x0000000716800000, 0x0000000716a00000|  0%| F|  |TAMS 0x0000000716800000, 0x0000000716800000| Untracked 
| 100|0x0000000716a00000, 0x0000000716a00000, 0x0000000716c00000|  0%| F|  |TAMS 0x0000000716a00000, 0x0000000716a00000| Untracked 
| 101|0x0000000716c00000, 0x0000000716c00000, 0x0000000716e00000|  0%| F|  |TAMS 0x0000000716c00000, 0x0000000716c00000| Untracked 
| 102|0x0000000716e00000, 0x0000000716e00000, 0x0000000717000000|  0%| F|  |TAMS 0x0000000716e00000, 0x0000000716e00000| Untracked 
| 103|0x0000000717000000, 0x0000000717000000, 0x0000000717200000|  0%| F|  |TAMS 0x0000000717000000, 0x0000000717000000| Untracked 
| 104|0x0000000717200000, 0x0000000717200000, 0x0000000717400000|  0%| F|  |TAMS 0x0000000717200000, 0x0000000717200000| Untracked 
| 105|0x0000000717400000, 0x0000000717400000, 0x0000000717600000|  0%| F|  |TAMS 0x0000000717400000, 0x0000000717400000| Untracked 
| 106|0x0000000717600000, 0x00000007176c3108, 0x0000000717800000| 38%| E|  |TAMS 0x0000000717600000, 0x0000000717600000| Complete 
| 107|0x0000000717800000, 0x0000000717a00000, 0x0000000717a00000|100%| E|CS|TAMS 0x0000000717800000, 0x0000000717800000| Complete 
| 108|0x0000000717a00000, 0x0000000717c00000, 0x0000000717c00000|100%| E|CS|TAMS 0x0000000717a00000, 0x0000000717a00000| Complete 
| 109|0x0000000717c00000, 0x0000000717e00000, 0x0000000717e00000|100%| E|CS|TAMS 0x0000000717c00000, 0x0000000717c00000| Complete 
| 110|0x0000000717e00000, 0x0000000717e926c8, 0x0000000718000000| 28%| S|CS|TAMS 0x0000000717e00000, 0x0000000717e00000| Complete 
| 111|0x0000000718000000, 0x0000000718200000, 0x0000000718200000|100%| S|CS|TAMS 0x0000000718000000, 0x0000000718000000| Complete 
| 112|0x0000000718200000, 0x0000000718400000, 0x0000000718400000|100%| E|CS|TAMS 0x0000000718200000, 0x0000000718200000| Complete 
| 113|0x0000000718400000, 0x0000000718600000, 0x0000000718600000|100%| E|CS|TAMS 0x0000000718400000, 0x0000000718400000| Complete 
| 114|0x0000000718600000, 0x0000000718800000, 0x0000000718800000|100%| E|CS|TAMS 0x0000000718600000, 0x0000000718600000| Complete 
| 115|0x0000000718800000, 0x0000000718a00000, 0x0000000718a00000|100%| E|CS|TAMS 0x0000000718800000, 0x0000000718800000| Complete 
| 116|0x0000000718a00000, 0x0000000718c00000, 0x0000000718c00000|100%| E|CS|TAMS 0x0000000718a00000, 0x0000000718a00000| Complete 
| 117|0x0000000718c00000, 0x0000000718e00000, 0x0000000718e00000|100%| E|CS|TAMS 0x0000000718c00000, 0x0000000718c00000| Complete 
| 118|0x0000000718e00000, 0x0000000719000000, 0x0000000719000000|100%| E|CS|TAMS 0x0000000718e00000, 0x0000000718e00000| Complete 
| 119|0x0000000719000000, 0x0000000719200000, 0x0000000719200000|100%| E|CS|TAMS 0x0000000719000000, 0x0000000719000000| Complete 
| 120|0x0000000719200000, 0x0000000719400000, 0x0000000719400000|100%| E|CS|TAMS 0x0000000719200000, 0x0000000719200000| Complete 
| 121|0x0000000719400000, 0x0000000719600000, 0x0000000719600000|100%| E|CS|TAMS 0x0000000719400000, 0x0000000719400000| Complete 
| 122|0x0000000719600000, 0x0000000719800000, 0x0000000719800000|100%| E|CS|TAMS 0x0000000719600000, 0x0000000719600000| Complete 

Card table byte_map: [0x00000184f77c0000,0x00000184f7f70000] _byte_map_base: 0x00000184f3f6f000

Marking Bits (Prev, Next): (CMBitMap*) 0x00000184e46664c0, (CMBitMap*) 0x00000184e4666500
 Prev Bits: [0x00000184f8720000, 0x00000184fc498000)
 Next Bits: [0x0000018480000000, 0x0000018483d78000)

Polling page: 0x00000184e2550000

Metaspace:

Usage:
  Non-class:     17.15 MB used.
      Class:      2.09 MB used.
       Both:     19.23 MB used.

Virtual space:
  Non-class space:       24.00 MB reserved,      17.19 MB ( 72%) committed,  3 nodes.
      Class space:        1.00 GB reserved,       2.19 MB ( <1%) committed,  1 nodes.
             Both:        1.02 GB reserved,      19.38 MB (  2%) committed. 

Chunk freelists:
   Non-Class:  2.20 MB
       Class:  1.70 MB
        Both:  3.91 MB

MaxMetaspaceSize: unlimited
CompressedClassSpaceSize: 1.00 GB
Initial GC threshold: 21.00 MB
Current GC threshold: 21.00 MB
CDS: off
MetaspaceReclaimPolicy: balanced
 - commit_granule_bytes: 65536.
 - commit_granule_words: 8192.
 - virtual_space_node_default_size: 1048576.
 - enlarge_chunks_in_place: 1.
 - new_chunks_are_fully_committed: 0.
 - uncommit_free_chunks: 1.
 - use_allocation_guard: 0.
 - handle_deallocations: 1.


Internal statistics:

num_allocs_failed_limit: 0.
num_arena_births: 46.
num_arena_deaths: 0.
num_vsnodes_births: 4.
num_vsnodes_deaths: 0.
num_space_committed: 310.
num_space_uncommitted: 0.
num_chunks_returned_to_freelist: 0.
num_chunks_taken_from_freelist: 448.
num_chunk_merges: 0.
num_chunk_splits: 365.
num_chunks_enlarged: 332.
num_purges: 0.
num_inconsistent_stats: 0.

CodeHeap 'non-profiled nmethods': size=120000Kb used=493Kb max_used=493Kb free=119506Kb
 bounds [0x00000184ef590000, 0x00000184ef800000, 0x00000184f6ac0000]
CodeHeap 'profiled nmethods': size=120000Kb used=2777Kb max_used=2777Kb free=117222Kb
 bounds [0x00000184e7ac0000, 0x00000184e7d80000, 0x00000184eeff0000]
CodeHeap 'non-nmethods': size=5760Kb used=1186Kb max_used=1202Kb free=4573Kb
 bounds [0x00000184eeff0000, 0x00000184ef260000, 0x00000184ef590000]
 total_blobs=1978 nmethods=1497 adapters=393
 compilation: enabled
              stopped_count=0, restarted_count=0
 full_count=0

Compilation events (20 events):
Event: 1.030 Thread 0x0000018484564660 nmethod 1481 0x00000184ef605a10 code [0x00000184ef605bc0, 0x00000184ef6062e8]
Event: 1.033 Thread 0x0000018484564660 1483       4       java.util.jar.JarFile::getEntry (35 bytes)
Event: 1.033 Thread 0x00000184ffc9b0c0 1484   !   4       jdk.internal.loader.URLClassPath$JarLoader::getResource (65 bytes)
Event: 1.038 Thread 0x00000184ffc9ba70 1485       3       java.util.HashSet::<init> (18 bytes)
Event: 1.038 Thread 0x00000184ffc9ba70 nmethod 1485 0x00000184e7d70d10 code [0x00000184e7d70ee0, 0x00000184e7d71288]
Event: 1.053 Thread 0x00000184ffc9ba70 1486       3       kotlin.collections.SetsKt__SetsKt::emptySet (7 bytes)
Event: 1.053 Thread 0x00000184ffc9ba70 nmethod 1486 0x00000184e7d71410 code [0x00000184e7d715a0, 0x00000184e7d71698]
Event: 1.056 Thread 0x00000184fff627e0 1487       4       java.util.WeakHashMap::hash (28 bytes)
Event: 1.057 Thread 0x00000184fff627e0 nmethod 1487 0x00000184ef606610 code [0x00000184ef6067a0, 0x00000184ef6068b8]
Event: 1.060 Thread 0x00000184fff627e0 1488       4       java.lang.StringLatin1::regionMatchesCI (98 bytes)
Event: 1.064 Thread 0x00000184ffc9ba70 1490       3       kotlin.collections.MapsKt__MapsJVMKt::mapCapacity (40 bytes)
Event: 1.064 Thread 0x00000184ffc9ba70 nmethod 1490 0x00000184e7d71710 code [0x00000184e7d718e0, 0x00000184e7d71b58]
Event: 1.067 Thread 0x00000184fff627e0 nmethod 1488 0x00000184ef606990 code [0x00000184ef606b20, 0x00000184ef607098]
Event: 1.067 Thread 0x00000184fff627e0 1489       4       java.lang.String::regionMatches (150 bytes)
Event: 1.072 Thread 0x0000018484564660 nmethod 1483 0x00000184ef607410 code [0x00000184ef6076c0, 0x00000184ef609028]
Event: 1.074 Thread 0x0000018484564660 1491   !   4       java.util.WeakHashMap::expungeStaleEntries (139 bytes)
Event: 1.075 Thread 0x00000184fff627e0 nmethod 1489 0x00000184ef609d10 code [0x00000184ef609ec0, 0x00000184ef60a658]
Event: 1.076 Thread 0x0000018484564660 nmethod 1491 0x00000184ef60ab90 code [0x00000184ef60ad20, 0x00000184ef60b028]
Event: 1.088 Thread 0x00000184ffc9ba70 1492       3       java.util.ArrayList::<init> (61 bytes)
Event: 1.089 Thread 0x00000184ffc9ba70 nmethod 1492 0x00000184e7d71c10 code [0x00000184e7d71e80, 0x00000184e7d72818]

GC Heap History (2 events):
Event: 0.514 GC heap before
{Heap before GC invocations=0 (full 0):
 garbage-first heap   total 251904K, used 24576K [0x000000070a200000, 0x0000000800000000)
  region size 2048K, 11 young (22528K), 0 survivors (0K)
 Metaspace       used 12880K, committed 12992K, reserved 1064960K
  class space    used 1232K, committed 1280K, reserved 1048576K
}
Event: 0.517 GC heap after
{Heap after GC invocations=1 (full 0):
 garbage-first heap   total 251904K, used 6729K [0x000000070a200000, 0x0000000800000000)
  region size 2048K, 2 young (4096K), 2 survivors (4096K)
 Metaspace       used 12880K, committed 12992K, reserved 1064960K
  class space    used 1232K, committed 1280K, reserved 1048576K
}

Dll operation events (1 events):
Event: 0.006 Loaded shared library C:\Users\rizfi\AppData\Local\Programs\Android Studio\jbr\bin\java.dll

Deoptimization events (20 events):
Event: 0.602 Thread 0x00000184e45f9d20 DEOPT PACKING pc=0x00000184ef5bf740 sp=0x0000006edd1fbbf0
Event: 0.602 Thread 0x00000184e45f9d20 DEOPT UNPACKING pc=0x00000184ef0469a3 sp=0x0000006edd1fbad8 mode 2
Event: 0.603 Thread 0x00000184e45f9d20 Uncommon trap: trap_request=0xffffffc6 fr.pc=0x00000184ef5bf740 relative=0x00000000000004c0
Event: 0.603 Thread 0x00000184e45f9d20 Uncommon trap: reason=bimorphic_or_optimized_type_check action=maybe_recompile pc=0x00000184ef5bf740 method=kotlin.reflect.jvm.internal.impl.protobuf.CodedInputStream.tryRefillBuffer(I)Z @ 175 c2
Event: 0.603 Thread 0x00000184e45f9d20 DEOPT PACKING pc=0x00000184ef5bf740 sp=0x0000006edd1fc190
Event: 0.603 Thread 0x00000184e45f9d20 DEOPT UNPACKING pc=0x00000184ef0469a3 sp=0x0000006edd1fc078 mode 2
Event: 0.624 Thread 0x00000184e45f9d20 Uncommon trap: trap_request=0xffffff45 fr.pc=0x00000184ef5b7f98 relative=0x00000000000003d8
Event: 0.624 Thread 0x00000184e45f9d20 Uncommon trap: reason=unstable_if action=reinterpret pc=0x00000184ef5b7f98 method=java.util.concurrent.ConcurrentHashMap.get(Ljava/lang/Object;)Ljava/lang/Object; @ 76 c2
Event: 0.624 Thread 0x00000184e45f9d20 DEOPT PACKING pc=0x00000184ef5b7f98 sp=0x0000006edd1fc660
Event: 0.624 Thread 0x00000184e45f9d20 DEOPT UNPACKING pc=0x00000184ef0469a3 sp=0x0000006edd1fc5e8 mode 2
Event: 0.770 Thread 0x00000184e45f9d20 Uncommon trap: trap_request=0xffffff45 fr.pc=0x00000184ef5b1598 relative=0x0000000000000278
Event: 0.770 Thread 0x00000184e45f9d20 Uncommon trap: reason=unstable_if action=reinterpret pc=0x00000184ef5b1598 method=java.lang.String.startsWith(Ljava/lang/String;I)Z @ 14 c2
Event: 0.770 Thread 0x00000184e45f9d20 DEOPT PACKING pc=0x00000184ef5b1598 sp=0x0000006edd1fd000
Event: 0.770 Thread 0x00000184e45f9d20 DEOPT UNPACKING pc=0x00000184ef0469a3 sp=0x0000006edd1fcf60 mode 2
Event: 0.851 Thread 0x00000184e45f9d20 DEOPT PACKING pc=0x00000184e7d18834 sp=0x0000006edd1fe240
Event: 0.851 Thread 0x00000184e45f9d20 DEOPT UNPACKING pc=0x00000184ef047143 sp=0x0000006edd1fd810 mode 0
Event: 0.922 Thread 0x00000184e45f9d20 Uncommon trap: trap_request=0xffffff45 fr.pc=0x00000184ef5d3fd4 relative=0x00000000000000b4
Event: 0.922 Thread 0x00000184e45f9d20 Uncommon trap: reason=unstable_if action=reinterpret pc=0x00000184ef5d3fd4 method=java.lang.Integer.valueOf(I)Ljava/lang/Integer; @ 3 c2
Event: 0.922 Thread 0x00000184e45f9d20 DEOPT PACKING pc=0x00000184ef5d3fd4 sp=0x0000006edd1fcd80
Event: 0.922 Thread 0x00000184e45f9d20 DEOPT UNPACKING pc=0x00000184ef0469a3 sp=0x0000006edd1fcd18 mode 2

Classes unloaded (0 events):
No events

Classes redefined (0 events):
No events

Internal exceptions (3 events):
Event: 0.801 Thread 0x00000184e45f9d20 Exception <a 'java/lang/NoSuchMethodError'{0x00000007189a7ae8}: 'java.lang.Object java.lang.invoke.DirectMethodHandle$Holder.newInvokeSpecial(java.lang.Object, java.lang.Object, java.lang.Object, java.lang.Object, java.lang.Object)'> (0x00000007189a7ae8) 
thrown [s\src\hotspot\share\interpreter\linkResolver.cpp, line 771]
Event: 1.006 Thread 0x00000184e45f9d20 Exception <a 'java/lang/NoSuchMethodError'{0x0000000717cd3450}: 'int java.lang.invoke.DirectMethodHandle$Holder.invokeVirtual(java.lang.Object, java.lang.Object, java.lang.Object)'> (0x0000000717cd3450) 
thrown [s\src\hotspot\share\interpreter\linkResolver.cpp, line 771]
Event: 1.016 Thread 0x00000184e45f9d20 Exception <a 'java/lang/NoSuchMethodError'{0x0000000717d509b8}: 'java.lang.Object java.lang.invoke.DirectMethodHandle$Holder.invokeStaticInit(java.lang.Object)'> (0x0000000717d509b8) 
thrown [s\src\hotspot\share\interpreter\linkResolver.cpp, line 771]

VM Operations (16 events):
Event: 0.123 Executing VM operation: HandshakeAllThreads
Event: 0.123 Executing VM operation: HandshakeAllThreads done
Event: 0.379 Executing VM operation: HandshakeAllThreads
Event: 0.379 Executing VM operation: HandshakeAllThreads done
Event: 0.514 Executing VM operation: G1CollectForAllocation
Event: 0.517 Executing VM operation: G1CollectForAllocation done
Event: 0.608 Executing VM operation: HandshakeAllThreads
Event: 0.608 Executing VM operation: HandshakeAllThreads done
Event: 0.751 Executing VM operation: ICBufferFull
Event: 0.751 Executing VM operation: ICBufferFull done
Event: 0.851 Executing VM operation: HandshakeAllThreads
Event: 0.851 Executing VM operation: HandshakeAllThreads done
Event: 0.952 Executing VM operation: HandshakeAllThreads
Event: 0.952 Executing VM operation: HandshakeAllThreads done
Event: 1.015 Executing VM operation: HandshakeAllThreads
Event: 1.015 Executing VM operation: HandshakeAllThreads done

Events (20 events):
Event: 0.992 loading class java/util/regex/Pattern$SliceS
Event: 0.993 loading class java/util/regex/Pattern$SliceS done
Event: 0.994 loading class java/net/URISyntaxException
Event: 0.994 loading class java/net/URISyntaxException done
Event: 0.999 loading class java/util/Spliterators$IteratorSpliterator
Event: 0.999 loading class java/util/Spliterators$IteratorSpliterator done
Event: 1.000 loading class java/util/stream/MatchOps$MatchKind
Event: 1.000 loading class java/util/stream/MatchOps$MatchKind done
Event: 1.000 loading class java/util/stream/MatchOps
Event: 1.001 loading class java/util/stream/MatchOps done
Event: 1.001 loading class java/util/stream/MatchOps$MatchOp
Event: 1.001 loading class java/util/stream/MatchOps$MatchOp done
Event: 1.001 loading class java/util/stream/MatchOps$BooleanTerminalSink
Event: 1.001 loading class java/util/stream/MatchOps$BooleanTerminalSink done
Event: 1.001 loading class java/util/stream/MatchOps$1MatchSink
Event: 1.002 loading class java/util/stream/MatchOps$1MatchSink done
Event: 1.007 loading class java/lang/invoke/DirectMethodHandle$Special
Event: 1.007 loading class java/lang/invoke/DirectMethodHandle$Special done
Event: 1.016 loading class java/lang/ThreadLocal$SuppliedThreadLocal
Event: 1.016 loading class java/lang/ThreadLocal$SuppliedThreadLocal done


Dynamic libraries:
0x00007ff6af570000 - 0x00007ff6af57a000 	C:\Users\rizfi\AppData\Local\Programs\Android Studio\jbr\bin\java.exe
0x00007fffe6310000 - 0x00007fffe6524000 	C:\WINDOWS\SYSTEM32\ntdll.dll
0x00007fffe41b0000 - 0x00007fffe4274000 	C:\WINDOWS\System32\KERNEL32.DLL
0x00007fffe3ac0000 - 0x00007fffe3e64000 	C:\WINDOWS\System32\KERNELBASE.dll
0x00007fffe39a0000 - 0x00007fffe3ab1000 	C:\WINDOWS\System32\ucrtbase.dll
0x00007fff99040000 - 0x00007fff99057000 	C:\Users\rizfi\AppData\Local\Programs\Android Studio\jbr\bin\jli.dll
0x00007fffdc340000 - 0x00007fffdc35b000 	C:\Users\rizfi\AppData\Local\Programs\Android Studio\jbr\bin\VCRUNTIME140.dll
0x00007fffe43d0000 - 0x00007fffe457e000 	C:\WINDOWS\System32\USER32.dll
0x00007fffe3970000 - 0x00007fffe3996000 	C:\WINDOWS\System32\win32u.dll
0x00007fffc4820000 - 0x00007fffc4ab3000 	C:\WINDOWS\WinSxS\amd64_microsoft.windows.common-controls_6595b64144ccf1df_6.0.22621.2215_none_270d72677387dfc3\COMCTL32.dll
0x00007fffe4280000 - 0x00007fffe42a9000 	C:\WINDOWS\System32\GDI32.dll
0x00007fffe4740000 - 0x00007fffe47e7000 	C:\WINDOWS\System32\msvcrt.dll
0x00007fffe3f80000 - 0x00007fffe4098000 	C:\WINDOWS\System32\gdi32full.dll
0x00007fffe3ee0000 - 0x00007fffe3f7a000 	C:\WINDOWS\System32\msvcp_win.dll
0x00007fffe5350000 - 0x00007fffe5381000 	C:\WINDOWS\System32\IMM32.DLL
0x00007fffdede0000 - 0x00007fffdedec000 	C:\Users\rizfi\AppData\Local\Programs\Android Studio\jbr\bin\vcruntime140_1.dll
0x00007fffc7950000 - 0x00007fffc79dd000 	C:\Users\rizfi\AppData\Local\Programs\Android Studio\jbr\bin\msvcp140.dll
0x00007fff96660000 - 0x00007fff972ce000 	C:\Users\rizfi\AppData\Local\Programs\Android Studio\jbr\bin\server\jvm.dll
0x00007fffe40a0000 - 0x00007fffe4150000 	C:\WINDOWS\System32\ADVAPI32.dll
0x00007fffe5390000 - 0x00007fffe5436000 	C:\WINDOWS\System32\sechost.dll
0x00007fffe6010000 - 0x00007fffe6127000 	C:\WINDOWS\System32\RPCRT4.dll
0x00007fffdaf10000 - 0x00007fffdaf1a000 	C:\WINDOWS\SYSTEM32\VERSION.dll
0x00007fffda810000 - 0x00007fffda844000 	C:\WINDOWS\SYSTEM32\WINMM.dll
0x00007fffc7940000 - 0x00007fffc7949000 	C:\WINDOWS\SYSTEM32\WSOCK32.dll
0x00007fffe5050000 - 0x00007fffe50c1000 	C:\WINDOWS\System32\WS2_32.dll
0x00007fffe2780000 - 0x00007fffe2798000 	C:\WINDOWS\SYSTEM32\kernel.appcore.dll
0x00007fffdab90000 - 0x00007fffdab9a000 	C:\Users\rizfi\AppData\Local\Programs\Android Studio\jbr\bin\jimage.dll
0x00007fffd94b0000 - 0x00007fffd96de000 	C:\WINDOWS\SYSTEM32\DBGHELP.DLL
0x00007fffe5440000 - 0x00007fffe57ca000 	C:\WINDOWS\System32\combase.dll
0x00007fffe42e0000 - 0x00007fffe43b7000 	C:\WINDOWS\System32\OLEAUT32.dll
0x00007fffc7d80000 - 0x00007fffc7db2000 	C:\WINDOWS\SYSTEM32\dbgcore.DLL
0x00007fffe3780000 - 0x00007fffe37fa000 	C:\WINDOWS\System32\bcryptPrimitives.dll
0x00007fff99060000 - 0x00007fff99085000 	C:\Users\rizfi\AppData\Local\Programs\Android Studio\jbr\bin\java.dll
0x00007fffb1420000 - 0x00007fffb1438000 	C:\Users\rizfi\AppData\Local\Programs\Android Studio\jbr\bin\zip.dll
0x00007fffe57e0000 - 0x00007fffe6003000 	C:\WINDOWS\System32\SHELL32.dll
0x00007fffe1610000 - 0x00007fffe1efa000 	C:\WINDOWS\SYSTEM32\windows.storage.dll
0x00007fffe14d0000 - 0x00007fffe160e000 	C:\WINDOWS\SYSTEM32\wintypes.dll
0x00007fffe4d70000 - 0x00007fffe4e63000 	C:\WINDOWS\System32\SHCORE.dll
0x00007fffe4150000 - 0x00007fffe41ae000 	C:\WINDOWS\System32\shlwapi.dll
0x00007fffe35f0000 - 0x00007fffe3616000 	C:\WINDOWS\SYSTEM32\profapi.dll
0x00007fff9f0c0000 - 0x00007fff9f0d9000 	C:\Users\rizfi\AppData\Local\Programs\Android Studio\jbr\bin\net.dll
0x00007fffdd560000 - 0x00007fffdd697000 	C:\WINDOWS\SYSTEM32\WINHTTP.dll
0x00007fffe2c80000 - 0x00007fffe2ce9000 	C:\WINDOWS\system32\mswsock.dll
0x00007fff9ed60000 - 0x00007fff9ed76000 	C:\Users\rizfi\AppData\Local\Programs\Android Studio\jbr\bin\nio.dll

dbghelp: loaded successfully - version: 4.0.5 - missing functions: none
symbol engine: initialized successfully - sym options: 0x614 - pdb path: .;C:\Users\rizfi\AppData\Local\Programs\Android Studio\jbr\bin;C:\WINDOWS\SYSTEM32;C:\WINDOWS\WinSxS\amd64_microsoft.windows.common-controls_6595b64144ccf1df_6.0.22621.2215_none_270d72677387dfc3;C:\Users\rizfi\AppData\Local\Programs\Android Studio\jbr\bin\server

VM Arguments:
java_command: org.jetbrains.kotlin.cli.jvm.K2JVMCompiler @C:\Users\rizfi\Documents\bangkit\GithubUserApp\app\build\20230927_12829418959199392604.compiler.options
java_class_path (initial): C:\Users\rizfi\.gradle\caches\modules-2\files-2.1\org.jetbrains.kotlin\kotlin-compiler-embeddable\1.9.0\2c8c3a7402becca891f12739b3e9fd2dc2adbd7a\kotlin-compiler-embeddable-1.9.0.jar;C:\Users\rizfi\.gradle\caches\modules-2\files-2.1\org.jetbrains.kotlin\kotlin-stdlib\1.9.0\8ee15ef0c67dc83d874f412d84378d7f0eb50b63\kotlin-stdlib-1.9.0.jar;C:\Users\rizfi\.gradle\caches\modules-2\files-2.1\org.jetbrains.kotlin\kotlin-script-runtime\1.9.0\4b3102cbbb7e1b58d9d1adf89563f00069ffa7d1\kotlin-script-runtime-1.9.0.jar;C:\Users\rizfi\.gradle\caches\modules-2\files-2.1\org.jetbrains.kotlin\kotlin-reflect\1.6.10\1cbe9c92c12a94eea200d23c2bbaedaf3daf5132\kotlin-reflect-1.6.10.jar;C:\Users\rizfi\.gradle\caches\modules-2\files-2.1\org.jetbrains.kotlin\kotlin-daemon-embeddable\1.9.0\186543f5e28cf8d9a0290fecc2cf34301c40a65c\kotlin-daemon-embeddable-1.9.0.jar;C:\Users\rizfi\.gradle\caches\modules-2\files-2.1\org.jetbrains.intellij.deps\trove4j\1.0.20200330\3afb14d5f9ceb459d724e907a21145e8ff394f02\trove4j-1.0.20200330.jar;C:\Users\rizfi\.gradle\caches\modules-2\files-2.1\org.jetbrains.kotlin\kotlin-stdlib-common\1.9.0\cd65c21cfd1eec4d44ef09f9f52b6d9f8a720636\kotlin-stdlib-common-1.9.0.jar;C:\Users\rizfi\.gradle\caches\modules-2\files-2.1\org.jetbrains\annotations\13.0\919f0dfe192fb4e063e7dacadee7f8bb9a2672a9\annotations-13.0.jar
Launcher Type: SUN_STANDARD

[Global flags]
     intx CICompilerCount                          = 4                                         {product} {ergonomic}
     uint ConcGCThreads                            = 3                                         {product} {ergonomic}
     uint G1ConcRefinementThreads                  = 10                                        {product} {ergonomic}
   size_t G1HeapRegionSize                         = 2097152                                   {product} {ergonomic}
    uintx GCDrainStackTargetSize                   = 64                                        {product} {ergonomic}
   size_t InitialHeapSize                          = 257949696                                 {product} {ergonomic}
   size_t MarkStackSize                            = 4194304                                   {product} {ergonomic}
   size_t MaxHeapSize                              = 4125097984                                {product} {ergonomic}
   size_t MaxNewSize                               = 2474639360                                {product} {ergonomic}
   size_t MinHeapDeltaBytes                        = 2097152                                   {product} {ergonomic}
   size_t MinHeapSize                              = 8388608                                   {product} {ergonomic}
    uintx NonNMethodCodeHeapSize                   = 5839372                                {pd product} {ergonomic}
    uintx NonProfiledCodeHeapSize                  = 122909434                              {pd product} {ergonomic}
    uintx ProfiledCodeHeapSize                     = 122909434                              {pd product} {ergonomic}
    uintx ReservedCodeCacheSize                    = 251658240                              {pd product} {ergonomic}
     bool SegmentedCodeCache                       = true                                      {product} {ergonomic}
   size_t SoftMaxHeapSize                          = 4125097984                             {manageable} {ergonomic}
     bool UseCompressedClassPointers               = true                           {product lp64_product} {ergonomic}
     bool UseCompressedOops                        = true                           {product lp64_product} {ergonomic}
     bool UseG1GC                                  = true                                      {product} {ergonomic}
     bool UseLargePagesIndividualAllocation        = false                                  {pd product} {ergonomic}

Logging:
Log output configuration:
 #0: stdout all=warning uptime,level,tags
 #1: stderr all=off uptime,level,tags

Environment Variables:
JAVA_HOME=C:\Program Files\Java\jdk-17
PATH=C:\Program Files\Common Files\Oracle\Java\javapath;C:\Program Files (x86)\NVIDIA Corporation\PhysX\Common;C:\Program Files (x86)\Common Files\Intel\Shared Libraries\redist\intel64\compiler;C:\WINDOWS\system32;C:\WINDOWS;C:\WINDOWS\System32\Wbem;C:\WINDOWS\System32\WindowsPowerShell\v1.0\;C:\WINDOWS\System32\OpenSSH\;C:\Program Files\Git\cmd;C:\Program Files\MongoDB\Server\6.0\bin;C:\mongosh-1.8.0-win32-x64\bin;C:\ProgramData\chocolatey\bin;C:\Program Files\nodejs\;C:\Program Files\Git LFS;C:\gradle-8.2.1\bin;C:\Users\rizfi\AppData\Local\Programs\Python\Python311\Scripts\;C:\Users\rizfi\AppData\Local\Programs\Python\Python311\;C:\Users\rizfi\AppData\Local\Microsoft\WindowsApps;C:\Program Files\JetBrains\IntelliJ IDEA Community Edition 2022.2.3\bin;C:\Users\rizfi\AppData\Local\Programs\Hyper\resources\bin;C:\Users\rizfi\AppData\Local\Programs\Microsoft VS Code\bin;C:\Users\rizfi\AppData\Local\Programs\oh-my-posh\bin;C:\Program Files (x86)\MongoDB Atlas CLI\;C:\Users\rizfi\AppData\Local\JetBrains\Toolbox\scripts;C:\Users\rizfi\AppData\Roaming\npm;C:\tools\flutter\bin;C:\Users\rizfi\AppData\Local\GitHubDesktop\bin
USERNAME=rizfi
OS=Windows_NT
PROCESSOR_IDENTIFIER=AMD64 Family 23 Model 104 Stepping 1, AuthenticAMD
TMP=C:\Users\rizfi\AppData\Local\Temp
TEMP=C:\Users\rizfi\AppData\Local\Temp


JNI global refs:
JNI global refs: 8, weak refs: 0

JNI global refs memory usage: 843, weak refs: 841


---------------  S Y S T E M  ---------------

OS:
 Windows 11 , 64 bit Build 22621 (10.0.22621.2215)
OS uptime: 3 days 0:53 hours
Hyper-V role detected

CPU: total 12 (initial active 12) (12 cores per cpu, 2 threads per core) family 23 model 104 stepping 1 microcode 0x0, cx8, cmov, fxsr, ht, mmx, 3dnowpref, sse, sse2, sse3, ssse3, sse4a, sse4.1, sse4.2, popcnt, lzcnt, tsc, tscinvbit, avx, avx2, aes, clmul, bmi1, bmi2, adx, sha, fma, vzeroupper, clflush, clflushopt, hv

Memory: 4k page, system-wide physical 15733M (903M free)
TotalPageFile size 19829M (AvailPageFile size 5M)
current process WorkingSet (physical memory assigned to process): 100M, peak: 100M
current process commit charge ("private bytes"): 361M, peak: 362M

vm_info: OpenJDK 64-Bit Server VM (17.0.6+0-b2043.56-10027231) for windows-amd64 JRE (17.0.6+0-b2043.56-10027231), built on Apr 28 2023 00:43:19 by "androidbuild" with MS VC++ 16.10 / 16.11 (VS2019)

END.
