#
# There is insufficient memory for the Java Runtime Environment to continue.
# Native memory allocation (mmap) failed to map 503808 bytes for G1 virtual space
# Possible reasons:
#   The system is out of physical RAM or swap space
#   The process is running with CompressedOops enabled, and the Java Heap may be blocking the growth of the native heap
# Possible solutions:
#   Reduce memory load on the system
#   Increase physical memory or swap space
#   Check if swap backing store is full
#   Decrease Java heap size (-Xmx/-Xms)
#   Decrease number of Java threads
#   Decrease Java thread stack sizes (-Xss)
#   Set larger code cache with -XX:ReservedCodeCacheSize=
#   JVM is running with Zero Based Compressed Oops mode in which the Java heap is
#     placed in the first 32GB address space. The Java Heap base address is the
#     maximum limit for the native heap growth. Please use -XX:HeapBaseMinAddress
#     to set the Java Heap base and to place the Java Heap above 32GB virtual address.
# This output file may be truncated or incomplete.
#
#  Out of Memory Error (os_windows.cpp:3769), pid=20376, tid=12116
#
# JRE version:  (17.0.6) (build )
# Java VM: OpenJDK 64-Bit Server VM (17.0.6+0-b2043.56-10027231, mixed mode, sharing, tiered, compressed oops, compressed class ptrs, g1 gc, windows-amd64)
# No core dump will be written. Minidumps are not enabled by default on client versions of Windows
#

---------------  S U M M A R Y ------------

Command Line: org.jetbrains.kotlin.cli.jvm.K2JVMCompiler @C:\Users\rizfi\Documents\bangkit\GithubUserApp\app\build\20230927_13543269536879049021.compiler.options

Host: AMD Ryzen 5 5500U with Radeon Graphics         , 12 cores, 15G,  Windows 11 , 64 bit Build 22621 (10.0.22621.2215)
Time: Wed Sep 27 14:45:44 2023 SE Asia Standard Time elapsed time: 0.011655 seconds (0d 0h 0m 0s)

---------------  T H R E A D  ---------------

Current thread (0x0000017fea9ed230):  JavaThread "Unknown thread" [_thread_in_vm, id=12116, stack(0x0000005661500000,0x0000005661600000)]

Stack: [0x0000005661500000,0x0000005661600000]
Native frames: (J=compiled Java code, j=interpreted, Vv=VM code, C=native code)
V  [jvm.dll+0x683c9a]
V  [jvm.dll+0x8427a4]
V  [jvm.dll+0x843f9e]
V  [jvm.dll+0x844603]
V  [jvm.dll+0x249b75]
V  [jvm.dll+0x680b69]
V  [jvm.dll+0x67505a]
V  [jvm.dll+0x309acb]
V  [jvm.dll+0x310f86]
V  [jvm.dll+0x36094d]
V  [jvm.dll+0x360b1f]
V  [jvm.dll+0x2dfbf8]
V  [jvm.dll+0x2e0b64]
V  [jvm.dll+0x814091]
V  [jvm.dll+0x36e6a1]
V  [jvm.dll+0x7f35cc]
V  [jvm.dll+0x3f0e8f]
V  [jvm.dll+0x3f29d1]
C  [jli.dll+0x526b]
C  [ucrtbase.dll+0x29363]
C  [KERNEL32.DLL+0x1257d]
C  [ntdll.dll+0x5aa68]


---------------  P R O C E S S  ---------------

Threads class SMR info:
_java_thread_list=0x00007fff9719c058, length=0, elements={
}

Java Threads: ( => current thread )

Other Threads:
  0x0000017fecc66020 GCTaskThread "GC Thread#0" [stack: 0x0000005661600000,0x0000005661700000] [id=17568]
  0x0000017fecc76530 ConcurrentGCThread "G1 Main Marker" [stack: 0x0000005661700000,0x0000005661800000] [id=18008]
  0x0000017fecc76f40 ConcurrentGCThread "G1 Conc#0" [stack: 0x0000005661800000,0x0000005661900000] [id=8928]

[error occurred during error reporting (printing all threads), id 0xc0000005, EXCEPTION_ACCESS_VIOLATION (0xc0000005) at pc=0x00007fff96950797]

VM state: not at safepoint (not fully initialized)

VM Mutex/Monitor currently owned by a thread:  ([mutex/lock_event])
[0x0000017fecbf9ee0] Heap_lock - owner thread: 0x0000017fea9ed230

Heap address: 0x000000070a200000, size: 3934 MB, Compressed Oops mode: Zero based, Oop shift amount: 3

CDS archive(s) mapped at: [0x0000000000000000-0x0000000000000000-0x0000000000000000), size 0, SharedBaseAddress: 0x0000000800000000, ArchiveRelocationMode: 0.
Narrow klass base: 0x0000000000000000, Narrow klass shift: 0, Narrow klass range: 0x0

GC Precious Log:
<Empty>

Heap:
 garbage-first heap   total 0K, used 0K [0x000000070a200000, 0x0000000800000000)
  region size 2048K, 0 young (0K), 0 survivors (0K)

[error occurred during error reporting (printing heap information), id 0xc0000005, EXCEPTION_ACCESS_VIOLATION (0xc0000005) at pc=0x00007fff96d3da89]

GC Heap History (0 events):
No events

Dll operation events (1 events):
Event: 0.007 Loaded shared library C:\Users\rizfi\AppData\Local\Programs\Android Studio\jbr\bin\java.dll

Deoptimization events (0 events):
No events

Classes unloaded (0 events):
No events

Classes redefined (0 events):
No events

Internal exceptions (0 events):
No events

VM Operations (0 events):
No events

Events (0 events):
No events


Dynamic libraries:
0x00007ff6af570000 - 0x00007ff6af57a000 	C:\Users\rizfi\AppData\Local\Programs\Android Studio\jbr\bin\java.exe
0x00007fffe6310000 - 0x00007fffe6524000 	C:\WINDOWS\SYSTEM32\ntdll.dll
0x00007fffe41b0000 - 0x00007fffe4274000 	C:\WINDOWS\System32\KERNEL32.DLL
0x00007fffe3ac0000 - 0x00007fffe3e64000 	C:\WINDOWS\System32\KERNELBASE.dll
0x00007fffe39a0000 - 0x00007fffe3ab1000 	C:\WINDOWS\System32\ucrtbase.dll
0x00007fff99040000 - 0x00007fff99057000 	C:\Users\rizfi\AppData\Local\Programs\Android Studio\jbr\bin\jli.dll
0x00007fffdc340000 - 0x00007fffdc35b000 	C:\Users\rizfi\AppData\Local\Programs\Android Studio\jbr\bin\VCRUNTIME140.dll
0x00007fffe43d0000 - 0x00007fffe457e000 	C:\WINDOWS\System32\USER32.dll
0x00007fffe3970000 - 0x00007fffe3996000 	C:\WINDOWS\System32\win32u.dll
0x00007fffc4820000 - 0x00007fffc4ab3000 	C:\WINDOWS\WinSxS\amd64_microsoft.windows.common-controls_6595b64144ccf1df_6.0.22621.2215_none_270d72677387dfc3\COMCTL32.dll
0x00007fffe4280000 - 0x00007fffe42a9000 	C:\WINDOWS\System32\GDI32.dll
0x00007fffe4740000 - 0x00007fffe47e7000 	C:\WINDOWS\System32\msvcrt.dll
0x00007fffe3f80000 - 0x00007fffe4098000 	C:\WINDOWS\System32\gdi32full.dll
0x00007fffe3ee0000 - 0x00007fffe3f7a000 	C:\WINDOWS\System32\msvcp_win.dll
0x00007fffe5350000 - 0x00007fffe5381000 	C:\WINDOWS\System32\IMM32.DLL
0x00007fffdede0000 - 0x00007fffdedec000 	C:\Users\rizfi\AppData\Local\Programs\Android Studio\jbr\bin\vcruntime140_1.dll
0x00007fffc7950000 - 0x00007fffc79dd000 	C:\Users\rizfi\AppData\Local\Programs\Android Studio\jbr\bin\msvcp140.dll
0x00007fff96660000 - 0x00007fff972ce000 	C:\Users\rizfi\AppData\Local\Programs\Android Studio\jbr\bin\server\jvm.dll
0x00007fffe40a0000 - 0x00007fffe4150000 	C:\WINDOWS\System32\ADVAPI32.dll
0x00007fffe5390000 - 0x00007fffe5436000 	C:\WINDOWS\System32\sechost.dll
0x00007fffe6010000 - 0x00007fffe6127000 	C:\WINDOWS\System32\RPCRT4.dll
0x00007fffc7940000 - 0x00007fffc7949000 	C:\WINDOWS\SYSTEM32\WSOCK32.dll
0x00007fffda810000 - 0x00007fffda844000 	C:\WINDOWS\SYSTEM32\WINMM.dll
0x00007fffdaf10000 - 0x00007fffdaf1a000 	C:\WINDOWS\SYSTEM32\VERSION.dll
0x00007fffe5050000 - 0x00007fffe50c1000 	C:\WINDOWS\System32\WS2_32.dll
0x00007fffe2780000 - 0x00007fffe2798000 	C:\WINDOWS\SYSTEM32\kernel.appcore.dll
0x00007fffdab90000 - 0x00007fffdab9a000 	C:\Users\rizfi\AppData\Local\Programs\Android Studio\jbr\bin\jimage.dll
0x00007fffd94b0000 - 0x00007fffd96de000 	C:\WINDOWS\SYSTEM32\DBGHELP.DLL
0x00007fffe5440000 - 0x00007fffe57ca000 	C:\WINDOWS\System32\combase.dll
0x00007fffe42e0000 - 0x00007fffe43b7000 	C:\WINDOWS\System32\OLEAUT32.dll
0x00007fffc7d80000 - 0x00007fffc7db2000 	C:\WINDOWS\SYSTEM32\dbgcore.DLL
0x00007fffe3780000 - 0x00007fffe37fa000 	C:\WINDOWS\System32\bcryptPrimitives.dll
0x00007fff99060000 - 0x00007fff99085000 	C:\Users\rizfi\AppData\Local\Programs\Android Studio\jbr\bin\java.dll

dbghelp: loaded successfully - version: 4.0.5 - missing functions: none
symbol engine: initialized successfully - sym options: 0x614 - pdb path: .;C:\Users\rizfi\AppData\Local\Programs\Android Studio\jbr\bin;C:\WINDOWS\SYSTEM32;C:\WINDOWS\WinSxS\amd64_microsoft.windows.common-controls_6595b64144ccf1df_6.0.22621.2215_none_270d72677387dfc3;C:\Users\rizfi\AppData\Local\Programs\Android Studio\jbr\bin\server

VM Arguments:
java_command: org.jetbrains.kotlin.cli.jvm.K2JVMCompiler @C:\Users\rizfi\Documents\bangkit\GithubUserApp\app\build\20230927_13543269536879049021.compiler.options
java_class_path (initial): C:\Users\rizfi\.gradle\caches\modules-2\files-2.1\org.jetbrains.kotlin\kotlin-compiler-embeddable\1.9.0\2c8c3a7402becca891f12739b3e9fd2dc2adbd7a\kotlin-compiler-embeddable-1.9.0.jar;C:\Users\rizfi\.gradle\caches\modules-2\files-2.1\org.jetbrains.kotlin\kotlin-stdlib\1.9.0\8ee15ef0c67dc83d874f412d84378d7f0eb50b63\kotlin-stdlib-1.9.0.jar;C:\Users\rizfi\.gradle\caches\modules-2\files-2.1\org.jetbrains.kotlin\kotlin-script-runtime\1.9.0\4b3102cbbb7e1b58d9d1adf89563f00069ffa7d1\kotlin-script-runtime-1.9.0.jar;C:\Users\rizfi\.gradle\caches\modules-2\files-2.1\org.jetbrains.kotlin\kotlin-reflect\1.6.10\1cbe9c92c12a94eea200d23c2bbaedaf3daf5132\kotlin-reflect-1.6.10.jar;C:\Users\rizfi\.gradle\caches\modules-2\files-2.1\org.jetbrains.kotlin\kotlin-daemon-embeddable\1.9.0\186543f5e28cf8d9a0290fecc2cf34301c40a65c\kotlin-daemon-embeddable-1.9.0.jar;C:\Users\rizfi\.gradle\caches\modules-2\files-2.1\org.jetbrains.intellij.deps\trove4j\1.0.20200330\3afb14d5f9ceb459d724e907a21145e8ff394f02\trove4j-1.0.20200330.jar;C:\Users\rizfi\.gradle\caches\modules-2\files-2.1\org.jetbrains.kotlin\kotlin-stdlib-common\1.9.0\cd65c21cfd1eec4d44ef09f9f52b6d9f8a720636\kotlin-stdlib-common-1.9.0.jar;C:\Users\rizfi\.gradle\caches\modules-2\files-2.1\org.jetbrains\annotations\13.0\919f0dfe192fb4e063e7dacadee7f8bb9a2672a9\annotations-13.0.jar
Launcher Type: SUN_STANDARD

[Global flags]
     intx CICompilerCount                          = 4                                         {product} {ergonomic}
     uint ConcGCThreads                            = 3                                         {product} {ergonomic}
     uint G1ConcRefinementThreads                  = 10                                        {product} {ergonomic}
   size_t G1HeapRegionSize                         = 2097152                                   {product} {ergonomic}
    uintx GCDrainStackTargetSize                   = 64                                        {product} {ergonomic}
   size_t InitialHeapSize                          = 257949696                                 {product} {ergonomic}
   size_t MarkStackSize                            = 4194304                                   {product} {ergonomic}
   size_t MaxHeapSize                              = 4125097984                                {product} {ergonomic}
   size_t MinHeapDeltaBytes                        = 2097152                                   {product} {ergonomic}
   size_t MinHeapSize                              = 8388608                                   {product} {ergonomic}
    uintx NonNMethodCodeHeapSize                   = 5839372                                {pd product} {ergonomic}
    uintx NonProfiledCodeHeapSize                  = 122909434                              {pd product} {ergonomic}
    uintx ProfiledCodeHeapSize                     = 122909434                              {pd product} {ergonomic}
    uintx ReservedCodeCacheSize                    = 251658240                              {pd product} {ergonomic}
     bool SegmentedCodeCache                       = true                                      {product} {ergonomic}
   size_t SoftMaxHeapSize                          = 4125097984                             {manageable} {ergonomic}
     bool UseCompressedClassPointers               = true                           {product lp64_product} {ergonomic}
     bool UseCompressedOops                        = true                           {product lp64_product} {ergonomic}
     bool UseG1GC                                  = true                                      {product} {ergonomic}
     bool UseLargePagesIndividualAllocation        = false                                  {pd product} {ergonomic}

Logging:
Log output configuration:
 #0: stdout all=warning uptime,level,tags
 #1: stderr all=off uptime,level,tags

Environment Variables:
JAVA_HOME=C:\Program Files\Java\jdk-17
PATH=C:\Program Files\Common Files\Oracle\Java\javapath;C:\Program Files (x86)\NVIDIA Corporation\PhysX\Common;C:\Program Files (x86)\Common Files\Intel\Shared Libraries\redist\intel64\compiler;C:\WINDOWS\system32;C:\WINDOWS;C:\WINDOWS\System32\Wbem;C:\WINDOWS\System32\WindowsPowerShell\v1.0\;C:\WINDOWS\System32\OpenSSH\;C:\Program Files\Git\cmd;C:\Program Files\MongoDB\Server\6.0\bin;C:\mongosh-1.8.0-win32-x64\bin;C:\ProgramData\chocolatey\bin;C:\Program Files\nodejs\;C:\Program Files\Git LFS;C:\gradle-8.2.1\bin;C:\Users\rizfi\AppData\Local\Programs\Python\Python311\Scripts\;C:\Users\rizfi\AppData\Local\Programs\Python\Python311\;C:\Users\rizfi\AppData\Local\Microsoft\WindowsApps;C:\Program Files\JetBrains\IntelliJ IDEA Community Edition 2022.2.3\bin;C:\Users\rizfi\AppData\Local\Programs\Hyper\resources\bin;C:\Users\rizfi\AppData\Local\Programs\Microsoft VS Code\bin;C:\Users\rizfi\AppData\Local\Programs\oh-my-posh\bin;C:\Program Files (x86)\MongoDB Atlas CLI\;C:\Users\rizfi\AppData\Local\JetBrains\Toolbox\scripts;C:\Users\rizfi\AppData\Roaming\npm;C:\tools\flutter\bin;C:\Users\rizfi\AppData\Local\GitHubDesktop\bin
USERNAME=rizfi
OS=Windows_NT
PROCESSOR_IDENTIFIER=AMD64 Family 23 Model 104 Stepping 1, AuthenticAMD
TMP=C:\Users\rizfi\AppData\Local\Temp
TEMP=C:\Users\rizfi\AppData\Local\Temp


JNI global refs:

[error occurred during error reporting (JNI global references), id 0xc0000005, EXCEPTION_ACCESS_VIOLATION (0xc0000005) at pc=0x00007fff96717a10]


---------------  S Y S T E M  ---------------

OS:
 Windows 11 , 64 bit Build 22621 (10.0.22621.2215)
OS uptime: 3 days 0:53 hours
Hyper-V role detected

CPU: total 12 (initial active 12) (12 cores per cpu, 2 threads per core) family 23 model 104 stepping 1 microcode 0x0, cx8, cmov, fxsr, ht, mmx, 3dnowpref, sse, sse2, sse3, ssse3, sse4a, sse4.1, sse4.2, popcnt, lzcnt, tsc, tscinvbit, avx, avx2, aes, clmul, bmi1, bmi2, adx, sha, fma, vzeroupper, clflush, clflushopt, hv

Memory: 4k page, system-wide physical 15733M (1104M free)
TotalPageFile size 19829M (AvailPageFile size 4M)
current process WorkingSet (physical memory assigned to process): 11M, peak: 11M
current process commit charge ("private bytes"): 319M, peak: 319M

vm_info: OpenJDK 64-Bit Server VM (17.0.6+0-b2043.56-10027231) for windows-amd64 JRE (17.0.6+0-b2043.56-10027231), built on Apr 28 2023 00:43:19 by "androidbuild" with MS VC++ 16.10 / 16.11 (VS2019)

END.
