#
# There is insufficient memory for the Java Runtime Environment to continue.
# Native memory allocation (mmap) failed to map 257949696 bytes for G1 virtual space
# Possible reasons:
#   The system is out of physical RAM or swap space
#   The process is running with CompressedOops enabled, and the Java Heap may be blocking the growth of the native heap
# Possible solutions:
#   Reduce memory load on the system
#   Increase physical memory or swap space
#   Check if swap backing store is full
#   Decrease Java heap size (-Xmx/-Xms)
#   Decrease number of Java threads
#   Decrease Java thread stack sizes (-Xss)
#   Set larger code cache with -XX:ReservedCodeCacheSize=
#   JVM is running with Zero Based Compressed Oops mode in which the Java heap is
#     placed in the first 32GB address space. The Java Heap base address is the
#     maximum limit for the native heap growth. Please use -XX:HeapBaseMinAddress
#     to set the Java Heap base and to place the Java Heap above 32GB virtual address.
# This output file may be truncated or incomplete.
#
#  Out of Memory Error (os_windows.cpp:3769), pid=12140, tid=7132
#
# JRE version:  (17.0.6) (build )
# Java VM: OpenJDK 64-Bit Server VM (17.0.6+0-b2043.56-10027231, mixed mode, sharing, tiered, compressed oops, compressed class ptrs, g1 gc, windows-amd64)
# No core dump will be written. Minidumps are not enabled by default on client versions of Windows
#

---------------  S U M M A R Y ------------

Command Line: git4idea.http.GitAskPassApp Username for 'https://github.com': 

Host: AMD Ryzen 5 5500U with Radeon Graphics         , 12 cores, 15G,  Windows 11 , 64 bit Build 22621 (10.0.22621.2215)
Time: Mon Sep 18 15:52:29 2023 SE Asia Standard Time elapsed time: 0.008666 seconds (0d 0h 0m 0s)

---------------  T H R E A D  ---------------

Current thread (0x0000013e1385db00):  JavaThread "Unknown thread" [_thread_in_vm, id=7132, stack(0x0000003b33500000,0x0000003b33600000)]

Stack: [0x0000003b33500000,0x0000003b33600000]
Native frames: (J=compiled Java code, j=interpreted, Vv=VM code, C=native code)
V  [jvm.dll+0x683c9a]
V  [jvm.dll+0x8427a4]
V  [jvm.dll+0x843f9e]
V  [jvm.dll+0x844603]
V  [jvm.dll+0x249b75]
V  [jvm.dll+0x680b69]
V  [jvm.dll+0x67505a]
V  [jvm.dll+0x309acb]
V  [jvm.dll+0x310f86]
V  [jvm.dll+0x3608ee]
V  [jvm.dll+0x360b1f]
V  [jvm.dll+0x2dfbf8]
V  [jvm.dll+0x2e0b64]
V  [jvm.dll+0x814091]
V  [jvm.dll+0x36e6a1]
V  [jvm.dll+0x7f35cc]
V  [jvm.dll+0x3f0e8f]
V  [jvm.dll+0x3f29d1]
C  [jli.dll+0x526b]
C  [ucrtbase.dll+0x29363]
C  [KERNEL32.DLL+0x1257d]
C  [ntdll.dll+0x5aa68]


---------------  P R O C E S S  ---------------

Threads class SMR info:
_java_thread_list=0x00007ffbc74fc058, length=0, elements={
}

Java Threads: ( => current thread )

Other Threads:
  0x0000013e138c5cb0 GCTaskThread "GC Thread#0" [stack: 0x0000003b33600000,0x0000003b33700000] [id=16552]
  0x0000013e138d61c0 ConcurrentGCThread "G1 Main Marker" [stack: 0x0000003b33700000,0x0000003b33800000] [id=856]
  0x0000013e138d6bd0 ConcurrentGCThread "G1 Conc#0" [stack: 0x0000003b33800000,0x0000003b33900000] [id=18492]

[error occurred during error reporting (printing all threads), id 0xc0000005, EXCEPTION_ACCESS_VIOLATION (0xc0000005) at pc=0x00007ffbc6cb0797]

VM state: not at safepoint (not fully initialized)

VM Mutex/Monitor currently owned by a thread:  ([mutex/lock_event])
[0x0000013e13856da0] Heap_lock - owner thread: 0x0000013e1385db00

Heap address: 0x000000070a200000, size: 3934 MB, Compressed Oops mode: Zero based, Oop shift amount: 3

CDS archive(s) mapped at: [0x0000000000000000-0x0000000000000000-0x0000000000000000), size 0, SharedBaseAddress: 0x0000000800000000, ArchiveRelocationMode: 0.
Narrow klass base: 0x0000000000000000, Narrow klass shift: 0, Narrow klass range: 0x0

GC Precious Log:
<Empty>

Heap:
 garbage-first heap   total 0K, used 0K [0x000000070a200000, 0x0000000800000000)
  region size 2048K, 0 young (0K), 0 survivors (0K)

[error occurred during error reporting (printing heap information), id 0xc0000005, EXCEPTION_ACCESS_VIOLATION (0xc0000005) at pc=0x00007ffbc709da89]

GC Heap History (0 events):
No events

Dll operation events (1 events):
Event: 0.006 Loaded shared library C:\Users\rizfi\AppData\Local\Programs\Android Studio\jbr\bin\java.dll

Deoptimization events (0 events):
No events

Classes unloaded (0 events):
No events

Classes redefined (0 events):
No events

Internal exceptions (0 events):
No events

VM Operations (0 events):
No events

Events (0 events):
No events


Dynamic libraries:
0x00007ff6f1ca0000 - 0x00007ff6f1caa000 	C:\Users\rizfi\AppData\Local\Programs\Android Studio\jbr\bin\java.exe
0x00007ffc07cd0000 - 0x00007ffc07ee4000 	C:\WINDOWS\SYSTEM32\ntdll.dll
0x00007ffc06680000 - 0x00007ffc06744000 	C:\WINDOWS\System32\KERNEL32.DLL
0x00007ffc05080000 - 0x00007ffc05424000 	C:\WINDOWS\System32\KERNELBASE.dll
0x00007ffc05760000 - 0x00007ffc05871000 	C:\WINDOWS\System32\ucrtbase.dll
0x00007ffbf4fa0000 - 0x00007ffbf4fb7000 	C:\Users\rizfi\AppData\Local\Programs\Android Studio\jbr\bin\jli.dll
0x00007ffbd0bf0000 - 0x00007ffbd0c0b000 	C:\Users\rizfi\AppData\Local\Programs\Android Studio\jbr\bin\VCRUNTIME140.dll
0x00007ffc06790000 - 0x00007ffc0693e000 	C:\WINDOWS\System32\USER32.dll
0x00007ffc05430000 - 0x00007ffc05456000 	C:\WINDOWS\System32\win32u.dll
0x00007ffbf00d0000 - 0x00007ffbf0363000 	C:\WINDOWS\WinSxS\amd64_microsoft.windows.common-controls_6595b64144ccf1df_6.0.22621.2215_none_270d72677387dfc3\COMCTL32.dll
0x00007ffc06750000 - 0x00007ffc06779000 	C:\WINDOWS\System32\GDI32.dll
0x00007ffc06940000 - 0x00007ffc069e7000 	C:\WINDOWS\System32\msvcrt.dll
0x00007ffc05460000 - 0x00007ffc05578000 	C:\WINDOWS\System32\gdi32full.dll
0x00007ffc05580000 - 0x00007ffc0561a000 	C:\WINDOWS\System32\msvcp_win.dll
0x00007ffc069f0000 - 0x00007ffc06a21000 	C:\WINDOWS\System32\IMM32.DLL
0x00007ffbee280000 - 0x00007ffbee28c000 	C:\Users\rizfi\AppData\Local\Programs\Android Studio\jbr\bin\vcruntime140_1.dll
0x00007ffbbc790000 - 0x00007ffbbc81d000 	C:\Users\rizfi\AppData\Local\Programs\Android Studio\jbr\bin\msvcp140.dll
0x00007ffbc69c0000 - 0x00007ffbc762e000 	C:\Users\rizfi\AppData\Local\Programs\Android Studio\jbr\bin\server\jvm.dll
0x00007ffc06380000 - 0x00007ffc06430000 	C:\WINDOWS\System32\ADVAPI32.dll
0x00007ffc073b0000 - 0x00007ffc07456000 	C:\WINDOWS\System32\sechost.dll
0x00007ffc05a60000 - 0x00007ffc05b77000 	C:\WINDOWS\System32\RPCRT4.dll
0x00007ffbece80000 - 0x00007ffbece89000 	C:\WINDOWS\SYSTEM32\WSOCK32.dll
0x00007ffbfc7b0000 - 0x00007ffbfc7e4000 	C:\WINDOWS\SYSTEM32\WINMM.dll
0x00007ffbfc9f0000 - 0x00007ffbfc9fa000 	C:\WINDOWS\SYSTEM32\VERSION.dll
0x00007ffc06440000 - 0x00007ffc064b1000 	C:\WINDOWS\System32\WS2_32.dll
0x00007ffc040d0000 - 0x00007ffc040e8000 	C:\WINDOWS\SYSTEM32\kernel.appcore.dll
0x00007ffc02450000 - 0x00007ffc0245a000 	C:\Users\rizfi\AppData\Local\Programs\Android Studio\jbr\bin\jimage.dll
0x00007ffbf7c80000 - 0x00007ffbf7eae000 	C:\WINDOWS\SYSTEM32\DBGHELP.DLL
0x00007ffc06f70000 - 0x00007ffc072fa000 	C:\WINDOWS\System32\combase.dll
0x00007ffc065a0000 - 0x00007ffc06677000 	C:\WINDOWS\System32\OLEAUT32.dll
0x00007ffbe6ab0000 - 0x00007ffbe6ae2000 	C:\WINDOWS\SYSTEM32\dbgcore.DLL
0x00007ffc05620000 - 0x00007ffc0569a000 	C:\WINDOWS\System32\bcryptPrimitives.dll
0x00007ffbf5290000 - 0x00007ffbf52b5000 	C:\Users\rizfi\AppData\Local\Programs\Android Studio\jbr\bin\java.dll

dbghelp: loaded successfully - version: 4.0.5 - missing functions: none
symbol engine: initialized successfully - sym options: 0x614 - pdb path: .;C:\Users\rizfi\AppData\Local\Programs\Android Studio\jbr\bin;C:\WINDOWS\SYSTEM32;C:\WINDOWS\WinSxS\amd64_microsoft.windows.common-controls_6595b64144ccf1df_6.0.22621.2215_none_270d72677387dfc3;C:\Users\rizfi\AppData\Local\Programs\Android Studio\jbr\bin\server

VM Arguments:
java_command: git4idea.http.GitAskPassApp Username for 'https://github.com': 
java_class_path (initial): C:/Users/rizfi/AppData/Local/Programs/Android Studio/plugins/vcs-git/lib/git4idea-rt.jar;C:/Users/rizfi/AppData/Local/Programs/Android Studio/lib/externalProcess-rt.jar;C:/Users/rizfi/AppData/Local/Programs/Android Studio/lib/app.jar;C:/Users/rizfi/AppData/Local/Programs/Android Studio/lib/3rd-party-rt.jar
Launcher Type: SUN_STANDARD

[Global flags]
     intx CICompilerCount                          = 4                                         {product} {ergonomic}
     uint ConcGCThreads                            = 3                                         {product} {ergonomic}
     uint G1ConcRefinementThreads                  = 10                                        {product} {ergonomic}
   size_t G1HeapRegionSize                         = 2097152                                   {product} {ergonomic}
    uintx GCDrainStackTargetSize                   = 64                                        {product} {ergonomic}
   size_t InitialHeapSize                          = 257949696                                 {product} {ergonomic}
   size_t MarkStackSize                            = 4194304                                   {product} {ergonomic}
   size_t MaxHeapSize                              = 4125097984                                {product} {ergonomic}
   size_t MinHeapDeltaBytes                        = 2097152                                   {product} {ergonomic}
   size_t MinHeapSize                              = 8388608                                   {product} {ergonomic}
    uintx NonNMethodCodeHeapSize                   = 5839372                                {pd product} {ergonomic}
    uintx NonProfiledCodeHeapSize                  = 122909434                              {pd product} {ergonomic}
    uintx ProfiledCodeHeapSize                     = 122909434                              {pd product} {ergonomic}
    uintx ReservedCodeCacheSize                    = 251658240                              {pd product} {ergonomic}
     bool SegmentedCodeCache                       = true                                      {product} {ergonomic}
   size_t SoftMaxHeapSize                          = 4125097984                             {manageable} {ergonomic}
     bool UseCompressedClassPointers               = true                           {product lp64_product} {ergonomic}
     bool UseCompressedOops                        = true                           {product lp64_product} {ergonomic}
     bool UseG1GC                                  = true                                      {product} {ergonomic}
     bool UseLargePagesIndividualAllocation        = false                                  {pd product} {ergonomic}

Logging:
Log output configuration:
 #0: stdout all=warning uptime,level,tags
 #1: stderr all=off uptime,level,tags

Environment Variables:
JAVA_HOME=C:\Program Files\Java\jdk-17
PATH=C:/Program Files/Git/mingw64/libexec/git-core;C:/Program Files/Git/mingw64/libexec/git-core;C:\Program Files\Git\mingw64\bin;C:\Program Files\Git\usr\bin;C:\Users\rizfi\bin;C:\Program Files\Common Files\Oracle\Java\javapath;C:\Program Files (x86)\NVIDIA Corporation\PhysX\Common;C:\Program Files (x86)\Common Files\Intel\Shared Libraries\redist\intel64\compiler;C:\WINDOWS\system32;C:\WINDOWS;C:\WINDOWS\System32\Wbem;C:\WINDOWS\System32\WindowsPowerShell\v1.0\;C:\WINDOWS\System32\OpenSSH\;C:\Program Files\Git\cmd;C:\Program Files\MongoDB\Server\6.0\bin;C:\mongosh-1.8.0-win32-x64\bin;C:\ProgramData\chocolatey\bin;C:\Program Files\nodejs\;C:\Program Files\Git LFS;C:\gradle-8.2.1\bin;C:\Users\rizfi\AppData\Local\Programs\Python\Python311\Scripts\;C:\Users\rizfi\AppData\Local\Programs\Python\Python311\;C:\Users\rizfi\AppData\Local\Microsoft\WindowsApps;C:\Program Files\JetBrains\IntelliJ IDEA Community Edition 2022.2.3\bin;C:\Users\rizfi\AppData\Local\Programs\Hyper\resources\bin;C:\Users\rizfi\AppData\Local\Programs\Microsoft VS Code\bin;C:\Users\rizfi\AppData\Local\Programs\oh-my-posh\bin;C:\Program Files (x86)\MongoDB Atlas CLI\;C:\Users\rizfi\AppData\Local\JetBrains\Toolbox\scripts;C:\Users\rizfi\AppData\Roaming\npm;C:\tools\flutter\bin
USERNAME=rizfi
DISPLAY=:0.0
LC_ALL=en_US.UTF-8
TERM=xterm-256color
TMPDIR=C:\Users\rizfi\AppData\Local\Temp
OS=Windows_NT
PROCESSOR_IDENTIFIER=AMD64 Family 23 Model 104 Stepping 1, AuthenticAMD
TMP=C:\Users\rizfi\AppData\Local\Temp
TEMP=C:\Users\rizfi\AppData\Local\Temp


JNI global refs:

[error occurred during error reporting (JNI global references), id 0xc0000005, EXCEPTION_ACCESS_VIOLATION (0xc0000005) at pc=0x00007ffbc6a77a10]


---------------  S Y S T E M  ---------------

OS:
 Windows 11 , 64 bit Build 22621 (10.0.22621.2215)
OS uptime: 1 days 7:56 hours
Hyper-V role detected

CPU: total 12 (initial active 12) (12 cores per cpu, 2 threads per core) family 23 model 104 stepping 1 microcode 0x0, cx8, cmov, fxsr, ht, mmx, 3dnowpref, sse, sse2, sse3, ssse3, sse4a, sse4.1, sse4.2, popcnt, lzcnt, tsc, tscinvbit, avx, avx2, aes, clmul, bmi1, bmi2, adx, sha, fma, vzeroupper, clflush, clflushopt, hv

Memory: 4k page, system-wide physical 15733M (1746M free)
TotalPageFile size 19829M (AvailPageFile size 217M)
current process WorkingSet (physical memory assigned to process): 11M, peak: 11M
current process commit charge ("private bytes"): 64M, peak: 310M

vm_info: OpenJDK 64-Bit Server VM (17.0.6+0-b2043.56-10027231) for windows-amd64 JRE (17.0.6+0-b2043.56-10027231), built on Apr 28 2023 00:43:19 by "androidbuild" with MS VC++ 16.10 / 16.11 (VS2019)

END.
